<?xml version="1.0" encoding="UTF-8"?>
<!-- Generated by org.testng.reporters.JUnitXMLReporter -->
<testsuite ignored="0" hostname="DESKTOP-7AFNIIK" failures="0" tests="2" name="Error Validations Test" time="18.052" errors="0" timestamp="2025-06-18T23:30:31 IST">
  <testcase classname="rahulshetyacademy.tests.ErrorValidationsTest" name="ProductErrorValidation" time="13.367"/>
  <testcase classname="rahulshetyacademy.tests.ErrorValidationsTest" name="submitOrder" time="0.397"/>
</testsuite> <!-- Error Validations Test -->
